0 info it worked if it ends with ok
1 verbose cli [ '/usr/local/bin/node', '/usr/local/bin/npm', 'publish' ]
2 info using npm@3.10.8
3 info using node@v6.9.1
4 verbose publish [ '.' ]
5 silly cache add args [ '.', null ]
6 verbose cache add spec .
7 silly cache add parsed spec Result {
7 silly cache add   raw: '.',
7 silly cache add   scope: null,
7 silly cache add   escapedName: null,
7 silly cache add   name: null,
7 silly cache add   rawSpec: '.',
7 silly cache add   spec: '/home/jroop/code/flume-dag',
7 silly cache add   type: 'directory' }
8 verbose addLocalDirectory /home/jroop/.npm/flume-dag/1.0.0/package.tgz not in flight; packing
9 verbose correctMkdir /home/jroop/.npm correctMkdir not in flight; initializing
10 info lifecycle flume-dag@1.0.0~prepublish: flume-dag@1.0.0
11 silly lifecycle flume-dag@1.0.0~prepublish: no script for prepublish, continuing
12 verbose tar pack [ '/home/jroop/.npm/flume-dag/1.0.0/package.tgz',
12 verbose tar pack   '/home/jroop/code/flume-dag' ]
13 verbose tarball /home/jroop/.npm/flume-dag/1.0.0/package.tgz
14 verbose folder /home/jroop/code/flume-dag
15 verbose addLocalTarball adding from inside cache /home/jroop/.npm/flume-dag/1.0.0/package.tgz
16 verbose correctMkdir /home/jroop/.npm correctMkdir not in flight; initializing
17 silly cache afterAdd flume-dag@1.0.0
18 verbose afterAdd /home/jroop/.npm/flume-dag/1.0.0/package/package.json not in flight; writing
19 verbose correctMkdir /home/jroop/.npm correctMkdir not in flight; initializing
20 verbose afterAdd /home/jroop/.npm/flume-dag/1.0.0/package/package.json written
21 silly publish { name: 'flume-dag',
21 silly publish   version: '1.0.0',
21 silly publish   description: 'Directed acyclic graph method for calling functions',
21 silly publish   main: 'index.js',
21 silly publish   scripts: { test: 'cd test; ava --verbose --serial  *.test.js' },
21 silly publish   repository:
21 silly publish    { type: 'git',
21 silly publish      url: 'git+https://github.com/jroop/flume-dag.git' },
21 silly publish   keywords: [ 'dag' ],
21 silly publish   author: { name: 'jroop' },
21 silly publish   license: 'MIT',
21 silly publish   bugs: { url: 'https://github.com/jroop/flume-dag/issues' },
21 silly publish   homepage: 'https://github.com/jroop/flume-dag#readme',
21 silly publish   devDependencies: { ava: '^0.18.2' },
21 silly publish   readme: '# flume-dag\nA module that will accept functions and run them with dependencies.\n\n',
21 silly publish   readmeFilename: 'README.md',
21 silly publish   gitHead: '3868a2d6ad45c4786ef00076db667f5184f9bf42',
21 silly publish   _id: 'flume-dag@1.0.0',
21 silly publish   _shasum: '4a09a623870d6324fde6e39e26df0f5701edd3fe',
21 silly publish   _from: '.' }
22 verbose getPublishConfig undefined
23 silly mapToRegistry name flume-dag
24 silly mapToRegistry using default registry
25 silly mapToRegistry registry https://registry.npmjs.org/
26 silly mapToRegistry data Result {
26 silly mapToRegistry   raw: 'flume-dag',
26 silly mapToRegistry   scope: null,
26 silly mapToRegistry   escapedName: 'flume-dag',
26 silly mapToRegistry   name: 'flume-dag',
26 silly mapToRegistry   rawSpec: '',
26 silly mapToRegistry   spec: 'latest',
26 silly mapToRegistry   type: 'tag' }
27 silly mapToRegistry uri https://registry.npmjs.org/flume-dag
28 verbose publish registryBase https://registry.npmjs.org/
29 silly publish uploading /home/jroop/.npm/flume-dag/1.0.0/package.tgz
30 verbose request uri https://registry.npmjs.org/flume-dag
31 verbose request sending authorization for write operation
32 info attempt registry request try #1 at 3:43:08 PM
33 verbose request using bearer token for auth
34 verbose request id eedf55c89171d154
35 http request PUT https://registry.npmjs.org/flume-dag
36 http 403 https://registry.npmjs.org/flume-dag
37 verbose headers { 'content-type': 'application/json',
37 verbose headers   'cache-control': 'max-age=300',
37 verbose headers   'content-length': '95',
37 verbose headers   'accept-ranges': 'bytes',
37 verbose headers   date: 'Thu, 23 Feb 2017 23:43:08 GMT',
37 verbose headers   via: '1.1 varnish',
37 verbose headers   connection: 'keep-alive',
37 verbose headers   'x-served-by': 'cache-sjc3126-SJC',
37 verbose headers   'x-cache': 'MISS',
37 verbose headers   'x-cache-hits': '0',
37 verbose headers   'x-timer': 'S1487893388.270082,VS0,VE161',
37 verbose headers   vary: 'Accept-Encoding' }
38 verbose request invalidating /home/jroop/.npm/registry.npmjs.org/flume-dag on PUT
39 error publish Failed PUT 403
40 verbose stack Error: "You cannot publish over the previously published version 1.0.0." : flume-dag
40 verbose stack     at makeError (/opt/node-v6.9.1-linux-x64/lib/node_modules/npm/node_modules/npm-registry-client/lib/request.js:302:12)
40 verbose stack     at CachingRegistryClient.<anonymous> (/opt/node-v6.9.1-linux-x64/lib/node_modules/npm/node_modules/npm-registry-client/lib/request.js:290:14)
40 verbose stack     at Request._callback (/opt/node-v6.9.1-linux-x64/lib/node_modules/npm/node_modules/npm-registry-client/lib/request.js:210:14)
40 verbose stack     at Request.self.callback (/opt/node-v6.9.1-linux-x64/lib/node_modules/npm/node_modules/request/request.js:187:22)
40 verbose stack     at emitTwo (events.js:106:13)
40 verbose stack     at Request.emit (events.js:191:7)
40 verbose stack     at Request.<anonymous> (/opt/node-v6.9.1-linux-x64/lib/node_modules/npm/node_modules/request/request.js:1044:10)
40 verbose stack     at emitOne (events.js:96:13)
40 verbose stack     at Request.emit (events.js:188:7)
40 verbose stack     at IncomingMessage.<anonymous> (/opt/node-v6.9.1-linux-x64/lib/node_modules/npm/node_modules/request/request.js:965:12)
41 verbose statusCode 403
42 verbose pkgid flume-dag
43 verbose cwd /home/jroop/code/flume-dag
44 error Linux 4.4.0-63-generic
45 error argv "/usr/local/bin/node" "/usr/local/bin/npm" "publish"
46 error node v6.9.1
47 error npm  v3.10.8
48 error code E403
49 error "You cannot publish over the previously published version 1.0.0." : flume-dag
50 error If you need help, you may report this error at:
50 error     <https://github.com/npm/npm/issues>
51 verbose exit [ 1, true ]
